GPU ANGLE (AMD RadeonT 660M Direct3D11 vs_5_0 ps_5_0) (Google Inc.)
OpenGL OpenGL ES 3.0.0 (ANGLE 2.1.0.54a3d7cbcadb)
[Atlas] Texture size is: 4096x4096 (max: 16384x16384)
Found work dir at 'C:/Users/dearb/OneDrive/Documents/GitHub/otclientv8/'
== application started at Feb 23 2025 22:10:35
OTCv8 3.2 rev 4 (dev) made by otclient.net built on Feb 26 2023 for arch x86
WARNING: HTTP error for http://otclient.ovh/api/status.php: Invalid http status code (410)
WARNING: HTTP error for http://otclient.ovh/api/status.php: Invalid http status code (410)
WARNING: HTTP error for http://otclient.ovh/api/status.php: Invalid http status code (410)
WARNING: HTTP error for http://otclient.ovh/api/status.php: Invalid http status code (410)
WARNING: HTTP error for http://otclient.ovh/api/status.php: Invalid http status code (410)
WARNING: HTTP error for http://otclient.ovh/api/status.php: Invalid http status code (410)
WARNING: HTTP error for http://otclient.ovh/api/status.php: Invalid http status code (410)
WARNING: HTTP error for http://otclient.ovh/api/status.php: Invalid http status code (410)
WARNING: HTTP error for http://otclient.ovh/api/status.php: Invalid http status code (410)
ERROR: Missing file: 1098/Tibia.dat
Missing file: 1098/Tibia.spr

You should open data/things and create directory 1098.
In this directory (data/things/1098) you should put missing
files (Tibia.dat and Tibia.spr/Tibia.cwm) from correct Tibia version.
WARNING: HTTP error for http://otclient.ovh/api/status.php: Invalid http status code (410)
WARNING: HTTP error for http://otclient.ovh/api/status.php: Invalid http status code (410)
WARNING: HTTP error for http://otclient.ovh/api/status.php: Invalid http status code (410)
WARNING: HTTP error for http://otclient.ovh/api/status.php: Invalid http status code (410)
ERROR: Missing file: 1098/Tibia.dat
Missing file: 1098/Tibia.spr

You should open data/things and create directory 1098.
In this directory (data/things/1098) you should put missing
files (Tibia.dat and Tibia.spr/Tibia.cwm) from correct Tibia version.
WARNING: HTTP error for http://otclient.ovh/api/status.php: Invalid http status code (410)
WARNING: HTTP error for http://otclient.ovh/api/status.php: Invalid http status code (410)
WARNING: HTTP error for http://otclient.ovh/api/status.php: Invalid http status code (410)
Connecting to: 51.81.154.175:7171
Login to 51.81.154.175:7172
Minimap couldn't be loaded, file missing?
WARNING: HTTP error for http://otclient.ovh/api/status.php: resolve error (No such host is known)
Login to 51.81.154.175:7172
WARNING: attempt to destroy widget 'widget1316' two times
WARNING: HTTP error for http://otclient.ovh/api/status.php: resolve error (No such host is known)
Login to 51.81.154.175:7172
Login to 51.81.154.175:7172
WARNING: HTTP error for http://otclient.ovh/api/status.php: Invalid http status code (410)
Login to 51.81.154.175:7172
Exiting application..
